TN:
SF:/Users/user/Kerjaan/Hackathon/verifi-app/contracts/contracts/AIEscrowMarketplace.sol
FN:73,onlyAiAgent
FN:78,jobMustExist
FN:83,onlyClientOfJob
FN:90,onlyJobFreelancer
FN:96,atJobStatus
FN:105,constructor
FN:111,setAiAgentAddress
FN:121,postJob
FN:153,submitBid
FN:175,acceptBid
FN:189,getBidsForJob
FN:193,getJobCount
FN:199,depositForJob
FN:207,submitWork
FN:218,raiseDispute
FN:229,resolveDispute
FN:243,verifyWork
FN:257,clientReleaseFunds
FN:265,_releaseFunds
FNF:19
FNH:18
FNDA:11,onlyAiAgent
FNDA:40,jobMustExist
FNDA:37,onlyClientOfJob
FNDA:12,onlyJobFreelancer
FNDA:38,atJobStatus
FNDA:1,constructor
FNDA:0,setAiAgentAddress
FNDA:22,postJob
FNDA:19,submitBid
FNDA:15,acceptBid
FNDA:1,getBidsForJob
FNDA:2,getJobCount
FNDA:13,depositForJob
FNDA:10,submitWork
FNDA:3,raiseDispute
FNDA:2,resolveDispute
FNDA:8,verifyWork
FNDA:1,clientReleaseFunds
FNDA:2,_releaseFunds
DA:74,11
DA:75,10
DA:79,40
DA:80,38
DA:84,37
DA:85,33
DA:91,12
DA:92,12
DA:93,10
DA:97,38
DA:98,37
DA:106,1
DA:107,1
DA:108,1
DA:112,0
DA:113,0
DA:114,0
DA:127,22
DA:128,22
DA:129,22
DA:130,22
DA:132,21
DA:133,21
DA:145,21
DA:146,21
DA:148,21
DA:154,19
DA:155,19
DA:156,18
DA:157,18
DA:158,18
DA:160,17
DA:161,17
DA:170,17
DA:176,15
DA:177,15
DA:178,15
DA:180,15
DA:181,15
DA:182,15
DA:184,15
DA:186,15
DA:190,1
DA:194,2
DA:200,13
DA:201,13
DA:203,13
DA:204,13
DA:208,10
DA:210,10
DA:211,10
DA:212,10
DA:213,10
DA:219,3
DA:220,3
DA:222,3
DA:223,3
DA:224,3
DA:230,2
DA:232,2
DA:233,1
DA:236,1
DA:237,1
DA:238,1
DA:240,2
DA:244,8
DA:246,8
DA:247,7
DA:249,1
DA:250,1
DA:251,1
DA:254,8
DA:258,1
DA:266,2
DA:267,2
DA:268,2
DA:269,2
DA:271,2
LF:78
LH:75
BRDA:74,1,0,10
BRDA:74,1,1,1
BRDA:79,2,0,38
BRDA:79,2,1,2
BRDA:84,3,0,33
BRDA:84,3,1,4
BRDA:91,4,0,12
BRDA:91,4,1,0
BRDA:92,5,0,10
BRDA:92,5,1,2
BRDA:97,6,0,37
BRDA:97,6,1,1
BRDA:106,7,0,1
BRDA:106,7,1,0
BRDA:111,8,0,0
BRDA:111,8,1,0
BRDA:112,9,0,0
BRDA:112,9,1,0
BRDA:127,10,0,22
BRDA:127,10,1,0
BRDA:128,11,0,22
BRDA:128,11,1,0
BRDA:129,12,0,22
BRDA:129,12,1,0
BRDA:130,13,0,21
BRDA:130,13,1,1
BRDA:155,14,0,18
BRDA:155,14,1,1
BRDA:156,15,0,18
BRDA:156,15,1,0
BRDA:157,16,0,18
BRDA:157,16,1,0
BRDA:158,17,0,17
BRDA:158,17,1,1
BRDA:175,18,0,16
BRDA:175,18,1,1
BRDA:175,19,0,15
BRDA:175,19,1,1
BRDA:177,20,0,15
BRDA:177,20,1,0
BRDA:178,21,0,15
BRDA:178,21,1,0
BRDA:189,22,0,1
BRDA:189,22,1,0
BRDA:199,23,0,15
BRDA:199,23,1,0
BRDA:199,24,0,15
BRDA:199,24,1,0
BRDA:199,25,0,14
BRDA:199,25,1,1
BRDA:199,26,0,13
BRDA:199,26,1,1
BRDA:201,27,0,13
BRDA:201,27,1,0
BRDA:207,28,0,10
BRDA:207,28,1,2
BRDA:207,29,0,10
BRDA:207,29,1,0
BRDA:208,30,0,10
BRDA:208,30,1,0
BRDA:218,31,0,4
BRDA:218,31,1,0
BRDA:218,32,0,3
BRDA:218,32,1,1
BRDA:218,33,0,3
BRDA:218,33,1,0
BRDA:220,34,0,3
BRDA:220,34,1,0
BRDA:229,35,0,2
BRDA:229,35,1,0
BRDA:229,36,0,2
BRDA:229,36,1,0
BRDA:229,37,0,2
BRDA:229,37,1,0
BRDA:232,38,0,1
BRDA:232,38,1,1
BRDA:238,39,0,1
BRDA:238,39,1,0
BRDA:243,40,0,9
BRDA:243,40,1,0
BRDA:243,41,0,8
BRDA:243,41,1,1
BRDA:243,42,0,8
BRDA:243,42,1,0
BRDA:246,43,0,7
BRDA:246,43,1,1
BRDA:251,44,0,1
BRDA:251,44,1,0
BRDA:257,45,0,3
BRDA:257,45,1,0
BRDA:257,46,0,2
BRDA:257,46,1,1
BRDA:257,47,0,1
BRDA:257,47,1,1
BRDA:257,48,0,1
BRDA:257,48,1,0
BRDA:269,49,0,2
BRDA:269,49,1,0
BRF:98
BRH:66
end_of_record
