TN:
SF:/Users/user/Kerjaan/Hackathon/verifi-app/contracts/contracts/AIEscrowMarketplace.sol
FN:57,onlyAiAgent
FN:62,onlyJobClient
FN:68,onlyJobFreelancer
FN:74,atJobStatus
FN:83,constructor
FN:89,setAiAgentAddress
FN:99,createJob
FN:118,depositFunds
FN:126,submitWork
FN:135,verifyWork
FN:153,_releaseFunds
FNF:11
FNH:11
FNDA:3,onlyAiAgent
FNDA:6,onlyJobClient
FNDA:4,onlyJobFreelancer
FNDA:12,atJobStatus
FNDA:1,constructor
FNDA:1,setAiAgentAddress
FNDA:7,createJob
FNDA:6,depositFunds
FNDA:4,submitWork
FNDA:2,verifyWork
FNDA:1,_releaseFunds
DA:58,3
DA:59,2
DA:63,6
DA:64,6
DA:65,6
DA:69,4
DA:70,4
DA:71,4
DA:75,12
DA:76,12
DA:84,1
DA:85,1
DA:86,1
DA:90,1
DA:91,1
DA:92,1
DA:100,7
DA:101,7
DA:102,7
DA:104,7
DA:105,7
DA:114,7
DA:115,7
DA:119,6
DA:120,6
DA:122,5
DA:123,5
DA:127,4
DA:129,4
DA:130,4
DA:131,4
DA:132,4
DA:136,2
DA:137,2
DA:138,2
DA:140,2
DA:141,1
DA:145,1
DA:154,1
DA:156,1
DA:158,1
DA:159,1
DA:160,1
DA:162,1
LF:44
LH:44
BRDA:58,1,0,2
BRDA:58,1,1,1
BRDA:63,2,0,6
BRDA:63,2,1,0
BRDA:64,3,0,6
BRDA:64,3,1,0
BRDA:69,4,0,4
BRDA:69,4,1,0
BRDA:70,5,0,4
BRDA:70,5,1,0
BRDA:75,6,0,12
BRDA:75,6,1,0
BRDA:84,7,0,1
BRDA:84,7,1,0
BRDA:89,8,0,1
BRDA:89,8,1,1
BRDA:90,9,0,1
BRDA:90,9,1,0
BRDA:100,10,0,7
BRDA:100,10,1,0
BRDA:101,11,0,7
BRDA:101,11,1,0
BRDA:102,12,0,7
BRDA:102,12,1,0
BRDA:118,13,0,6
BRDA:118,13,1,0
BRDA:118,14,0,6
BRDA:118,14,1,0
BRDA:118,15,0,6
BRDA:118,15,1,0
BRDA:120,16,0,5
BRDA:120,16,1,1
BRDA:126,17,0,4
BRDA:126,17,1,0
BRDA:126,18,0,4
BRDA:126,18,1,0
BRDA:127,19,0,4
BRDA:127,19,1,0
BRDA:135,20,0,3
BRDA:135,20,1,0
BRDA:135,21,0,2
BRDA:135,21,1,1
BRDA:135,22,0,2
BRDA:135,22,1,0
BRDA:140,23,0,1
BRDA:140,23,1,1
BRDA:156,24,0,1
BRDA:156,24,1,0
BRDA:160,25,0,1
BRDA:160,25,1,0
BRF:50
BRH:30
end_of_record
