{"contracts/AIEscrowMarketplace.sol":{"l":{"74":11,"75":10,"79":40,"80":38,"84":37,"85":33,"91":12,"92":12,"93":10,"97":38,"98":37,"106":1,"107":1,"108":1,"112":0,"113":0,"114":0,"127":22,"128":22,"129":22,"130":22,"132":21,"133":21,"145":21,"146":21,"148":21,"154":19,"155":19,"156":18,"157":18,"158":18,"160":17,"161":17,"170":17,"176":15,"177":15,"178":15,"180":15,"181":15,"182":15,"184":15,"186":15,"190":1,"194":2,"200":13,"201":13,"203":13,"204":13,"208":10,"210":10,"211":10,"212":10,"213":10,"219":3,"220":3,"222":3,"223":3,"224":3,"230":2,"232":2,"233":1,"236":1,"237":1,"238":1,"240":2,"244":8,"246":8,"247":7,"249":1,"250":1,"251":1,"254":8,"258":1,"266":2,"267":2,"268":2,"269":2,"271":2},"path":"/Users/user/Kerjaan/Hackathon/verifi-app/contracts/contracts/AIEscrowMarketplace.sol","s":{"1":11,"2":40,"3":37,"4":12,"5":12,"6":38,"7":1,"8":1,"9":0,"10":0,"11":22,"12":22,"13":22,"14":22,"15":21,"16":21,"17":21,"18":19,"19":19,"20":18,"21":18,"22":18,"23":17,"24":17,"25":17,"26":15,"27":15,"28":15,"29":15,"30":15,"31":15,"32":1,"33":2,"34":13,"35":13,"36":13,"37":10,"38":10,"39":10,"40":3,"41":3,"42":3,"43":2,"44":2,"45":1,"46":1,"47":1,"48":2,"49":8,"50":8,"51":1,"52":1,"53":8,"54":1,"55":2,"56":2,"57":2,"58":2},"b":{"1":[10,1],"2":[38,2],"3":[33,4],"4":[12,0],"5":[10,2],"6":[37,1],"7":[1,0],"8":[0,0],"9":[0,0],"10":[22,0],"11":[22,0],"12":[22,0],"13":[21,1],"14":[18,1],"15":[18,0],"16":[18,0],"17":[17,1],"18":[16,1],"19":[15,1],"20":[15,0],"21":[15,0],"22":[1,0],"23":[15,0],"24":[15,0],"25":[14,1],"26":[13,1],"27":[13,0],"28":[10,2],"29":[10,0],"30":[10,0],"31":[4,0],"32":[3,1],"33":[3,0],"34":[3,0],"35":[2,0],"36":[2,0],"37":[2,0],"38":[1,1],"39":[1,0],"40":[9,0],"41":[8,1],"42":[8,0],"43":[7,1],"44":[1,0],"45":[3,0],"46":[2,1],"47":[1,1],"48":[1,0],"49":[2,0]},"f":{"1":11,"2":40,"3":37,"4":12,"5":38,"6":1,"7":0,"8":22,"9":19,"10":15,"11":1,"12":2,"13":13,"14":10,"15":3,"16":2,"17":8,"18":1,"19":2},"fnMap":{"1":{"name":"onlyAiAgent","line":73,"loc":{"start":{"line":73,"column":4},"end":{"line":76,"column":4}}},"2":{"name":"jobMustExist","line":78,"loc":{"start":{"line":78,"column":4},"end":{"line":81,"column":4}}},"3":{"name":"onlyClientOfJob","line":83,"loc":{"start":{"line":83,"column":4},"end":{"line":86,"column":4}}},"4":{"name":"onlyJobFreelancer","line":90,"loc":{"start":{"line":90,"column":4},"end":{"line":94,"column":4}}},"5":{"name":"atJobStatus","line":96,"loc":{"start":{"line":96,"column":4},"end":{"line":99,"column":4}}},"6":{"name":"constructor","line":105,"loc":{"start":{"line":105,"column":4},"end":{"line":109,"column":4}}},"7":{"name":"setAiAgentAddress","line":111,"loc":{"start":{"line":111,"column":4},"end":{"line":115,"column":4}}},"8":{"name":"postJob","line":121,"loc":{"start":{"line":121,"column":4},"end":{"line":149,"column":4}}},"9":{"name":"submitBid","line":153,"loc":{"start":{"line":153,"column":4},"end":{"line":171,"column":4}}},"10":{"name":"acceptBid","line":175,"loc":{"start":{"line":175,"column":4},"end":{"line":187,"column":4}}},"11":{"name":"getBidsForJob","line":189,"loc":{"start":{"line":189,"column":4},"end":{"line":191,"column":4}}},"12":{"name":"getJobCount","line":193,"loc":{"start":{"line":193,"column":4},"end":{"line":195,"column":4}}},"13":{"name":"depositForJob","line":199,"loc":{"start":{"line":199,"column":4},"end":{"line":205,"column":4}}},"14":{"name":"submitWork","line":207,"loc":{"start":{"line":207,"column":4},"end":{"line":214,"column":4}}},"15":{"name":"raiseDispute","line":218,"loc":{"start":{"line":218,"column":4},"end":{"line":225,"column":4}}},"16":{"name":"resolveDispute","line":229,"loc":{"start":{"line":229,"column":4},"end":{"line":241,"column":4}}},"17":{"name":"verifyWork","line":243,"loc":{"start":{"line":243,"column":4},"end":{"line":255,"column":4}}},"18":{"name":"clientReleaseFunds","line":257,"loc":{"start":{"line":257,"column":4},"end":{"line":259,"column":4}}},"19":{"name":"_releaseFunds","line":265,"loc":{"start":{"line":265,"column":4},"end":{"line":272,"column":4}}}},"statementMap":{"1":{"start":{"line":74,"column":8},"end":{"line":74,"column":84}},"2":{"start":{"line":79,"column":8},"end":{"line":79,"column":81}},"3":{"start":{"line":84,"column":8},"end":{"line":84,"column":91}},"4":{"start":{"line":91,"column":8},"end":{"line":91,"column":85}},"5":{"start":{"line":92,"column":8},"end":{"line":92,"column":99}},"6":{"start":{"line":97,"column":8},"end":{"line":97,"column":93}},"7":{"start":{"line":106,"column":8},"end":{"line":106,"column":117}},"8":{"start":{"line":108,"column":8},"end":{"line":108,"column":58}},"9":{"start":{"line":112,"column":8},"end":{"line":112,"column":109}},"10":{"start":{"line":114,"column":8},"end":{"line":114,"column":54}},"11":{"start":{"line":127,"column":8},"end":{"line":127,"column":79}},"12":{"start":{"line":128,"column":8},"end":{"line":128,"column":110}},"13":{"start":{"line":129,"column":8},"end":{"line":129,"column":71}},"14":{"start":{"line":130,"column":8},"end":{"line":130,"column":87}},"15":{"start":{"line":132,"column":8},"end":{"line":132,"column":33}},"16":{"start":{"line":145,"column":8},"end":{"line":145,"column":43}},"17":{"start":{"line":148,"column":8},"end":{"line":148,"column":57}},"18":{"start":{"line":154,"column":8},"end":{"line":154,"column":38}},"19":{"start":{"line":155,"column":8},"end":{"line":155,"column":72}},"20":{"start":{"line":156,"column":8},"end":{"line":156,"column":82}},"21":{"start":{"line":157,"column":8},"end":{"line":157,"column":90}},"22":{"start":{"line":158,"column":8},"end":{"line":158,"column":97}},"23":{"start":{"line":160,"column":8},"end":{"line":160,"column":50}},"24":{"start":{"line":161,"column":8},"end":{"line":161,"column":6332}},"25":{"start":{"line":170,"column":8},"end":{"line":170,"column":67}},"26":{"start":{"line":176,"column":8},"end":{"line":176,"column":38}},"27":{"start":{"line":177,"column":8},"end":{"line":177,"column":82}},"28":{"start":{"line":178,"column":8},"end":{"line":178,"column":79}},"29":{"start":{"line":180,"column":8},"end":{"line":180,"column":61}},"30":{"start":{"line":184,"column":8},"end":{"line":184,"column":60}},"31":{"start":{"line":186,"column":8},"end":{"line":186,"column":76}},"32":{"start":{"line":190,"column":8},"end":{"line":190,"column":34}},"33":{"start":{"line":194,"column":8},"end":{"line":194,"column":24}},"34":{"start":{"line":200,"column":8},"end":{"line":200,"column":38}},"35":{"start":{"line":201,"column":8},"end":{"line":201,"column":76}},"36":{"start":{"line":204,"column":8},"end":{"line":204,"column":46}},"37":{"start":{"line":208,"column":8},"end":{"line":208,"column":95}},"38":{"start":{"line":210,"column":8},"end":{"line":210,"column":38}},"39":{"start":{"line":213,"column":8},"end":{"line":213,"column":67}},"40":{"start":{"line":219,"column":8},"end":{"line":219,"column":38}},"41":{"start":{"line":220,"column":8},"end":{"line":220,"column":85}},"42":{"start":{"line":224,"column":8},"end":{"line":224,"column":53}},"43":{"start":{"line":230,"column":8},"end":{"line":230,"column":38}},"44":{"start":{"line":232,"column":8},"end":{"line":232,"column":9288}},"45":{"start":{"line":233,"column":12},"end":{"line":233,"column":32}},"46":{"start":{"line":237,"column":12},"end":{"line":237,"column":68}},"47":{"start":{"line":238,"column":12},"end":{"line":238,"column":64}},"48":{"start":{"line":240,"column":8},"end":{"line":240,"column":58}},"49":{"start":{"line":244,"column":8},"end":{"line":244,"column":38}},"50":{"start":{"line":246,"column":8},"end":{"line":246,"column":9847}},"51":{"start":{"line":250,"column":12},"end":{"line":250,"column":68}},"52":{"start":{"line":251,"column":12},"end":{"line":251,"column":77}},"53":{"start":{"line":254,"column":8},"end":{"line":254,"column":46}},"54":{"start":{"line":258,"column":8},"end":{"line":258,"column":28}},"55":{"start":{"line":266,"column":8},"end":{"line":266,"column":38}},"56":{"start":{"line":268,"column":8},"end":{"line":268,"column":68}},"57":{"start":{"line":269,"column":8},"end":{"line":269,"column":74}},"58":{"start":{"line":271,"column":8},"end":{"line":271,"column":61}}},"branchMap":{"1":{"line":74,"type":"if","locations":[{"start":{"line":74,"column":8},"end":{"line":74,"column":8}},{"start":{"line":74,"column":8},"end":{"line":74,"column":8}}]},"2":{"line":79,"type":"if","locations":[{"start":{"line":79,"column":8},"end":{"line":79,"column":8}},{"start":{"line":79,"column":8},"end":{"line":79,"column":8}}]},"3":{"line":84,"type":"if","locations":[{"start":{"line":84,"column":8},"end":{"line":84,"column":8}},{"start":{"line":84,"column":8},"end":{"line":84,"column":8}}]},"4":{"line":91,"type":"if","locations":[{"start":{"line":91,"column":8},"end":{"line":91,"column":8}},{"start":{"line":91,"column":8},"end":{"line":91,"column":8}}]},"5":{"line":92,"type":"if","locations":[{"start":{"line":92,"column":8},"end":{"line":92,"column":8}},{"start":{"line":92,"column":8},"end":{"line":92,"column":8}}]},"6":{"line":97,"type":"if","locations":[{"start":{"line":97,"column":8},"end":{"line":97,"column":8}},{"start":{"line":97,"column":8},"end":{"line":97,"column":8}}]},"7":{"line":106,"type":"if","locations":[{"start":{"line":106,"column":8},"end":{"line":106,"column":8}},{"start":{"line":106,"column":8},"end":{"line":106,"column":8}}]},"8":{"line":111,"type":"if","locations":[{"start":{"line":111,"column":68},"end":{"line":111,"column":68}},{"start":{"line":111,"column":68},"end":{"line":111,"column":68}}]},"9":{"line":112,"type":"if","locations":[{"start":{"line":112,"column":8},"end":{"line":112,"column":8}},{"start":{"line":112,"column":8},"end":{"line":112,"column":8}}]},"10":{"line":127,"type":"if","locations":[{"start":{"line":127,"column":8},"end":{"line":127,"column":8}},{"start":{"line":127,"column":8},"end":{"line":127,"column":8}}]},"11":{"line":128,"type":"if","locations":[{"start":{"line":128,"column":8},"end":{"line":128,"column":8}},{"start":{"line":128,"column":8},"end":{"line":128,"column":8}}]},"12":{"line":129,"type":"if","locations":[{"start":{"line":129,"column":8},"end":{"line":129,"column":8}},{"start":{"line":129,"column":8},"end":{"line":129,"column":8}}]},"13":{"line":130,"type":"if","locations":[{"start":{"line":130,"column":8},"end":{"line":130,"column":8}},{"start":{"line":130,"column":8},"end":{"line":130,"column":8}}]},"14":{"line":155,"type":"if","locations":[{"start":{"line":155,"column":8},"end":{"line":155,"column":8}},{"start":{"line":155,"column":8},"end":{"line":155,"column":8}}]},"15":{"line":156,"type":"if","locations":[{"start":{"line":156,"column":8},"end":{"line":156,"column":8}},{"start":{"line":156,"column":8},"end":{"line":156,"column":8}}]},"16":{"line":157,"type":"if","locations":[{"start":{"line":157,"column":8},"end":{"line":157,"column":8}},{"start":{"line":157,"column":8},"end":{"line":157,"column":8}}]},"17":{"line":158,"type":"if","locations":[{"start":{"line":158,"column":8},"end":{"line":158,"column":8}},{"start":{"line":158,"column":8},"end":{"line":158,"column":8}}]},"18":{"line":175,"type":"if","locations":[{"start":{"line":175,"column":64},"end":{"line":175,"column":64}},{"start":{"line":175,"column":64},"end":{"line":175,"column":64}}]},"19":{"line":175,"type":"if","locations":[{"start":{"line":175,"column":85},"end":{"line":175,"column":85}},{"start":{"line":175,"column":85},"end":{"line":175,"column":85}}]},"20":{"line":177,"type":"if","locations":[{"start":{"line":177,"column":8},"end":{"line":177,"column":8}},{"start":{"line":177,"column":8},"end":{"line":177,"column":8}}]},"21":{"line":178,"type":"if","locations":[{"start":{"line":178,"column":8},"end":{"line":178,"column":8}},{"start":{"line":178,"column":8},"end":{"line":178,"column":8}}]},"22":{"line":189,"type":"if","locations":[{"start":{"line":189,"column":57},"end":{"line":189,"column":57}},{"start":{"line":189,"column":57},"end":{"line":189,"column":57}}]},"23":{"line":199,"type":"if","locations":[{"start":{"line":199,"column":60},"end":{"line":199,"column":60}},{"start":{"line":199,"column":60},"end":{"line":199,"column":60}}]},"24":{"line":199,"type":"if","locations":[{"start":{"line":199,"column":73},"end":{"line":199,"column":73}},{"start":{"line":199,"column":73},"end":{"line":199,"column":73}}]},"25":{"line":199,"type":"if","locations":[{"start":{"line":199,"column":94},"end":{"line":199,"column":94}},{"start":{"line":199,"column":94},"end":{"line":199,"column":94}}]},"26":{"line":199,"type":"if","locations":[{"start":{"line":199,"column":118},"end":{"line":199,"column":118}},{"start":{"line":199,"column":118},"end":{"line":199,"column":118}}]},"27":{"line":201,"type":"if","locations":[{"start":{"line":201,"column":8},"end":{"line":201,"column":8}},{"start":{"line":201,"column":8},"end":{"line":201,"column":8}}]},"28":{"line":207,"type":"if","locations":[{"start":{"line":207,"column":80},"end":{"line":207,"column":80}},{"start":{"line":207,"column":80},"end":{"line":207,"column":80}}]},"29":{"line":207,"type":"if","locations":[{"start":{"line":207,"column":106},"end":{"line":207,"column":106}},{"start":{"line":207,"column":106},"end":{"line":207,"column":106}}]},"30":{"line":208,"type":"if","locations":[{"start":{"line":208,"column":8},"end":{"line":208,"column":8}},{"start":{"line":208,"column":8},"end":{"line":208,"column":8}}]},"31":{"line":218,"type":"if","locations":[{"start":{"line":218,"column":74},"end":{"line":218,"column":74}},{"start":{"line":218,"column":74},"end":{"line":218,"column":74}}]},"32":{"line":218,"type":"if","locations":[{"start":{"line":218,"column":95},"end":{"line":218,"column":95}},{"start":{"line":218,"column":95},"end":{"line":218,"column":95}}]},"33":{"line":218,"type":"if","locations":[{"start":{"line":218,"column":119},"end":{"line":218,"column":119}},{"start":{"line":218,"column":119},"end":{"line":218,"column":119}}]},"34":{"line":220,"type":"if","locations":[{"start":{"line":220,"column":8},"end":{"line":220,"column":8}},{"start":{"line":220,"column":8},"end":{"line":220,"column":8}}]},"35":{"line":229,"type":"if","locations":[{"start":{"line":229,"column":80},"end":{"line":229,"column":80}},{"start":{"line":229,"column":80},"end":{"line":229,"column":80}}]},"36":{"line":229,"type":"if","locations":[{"start":{"line":229,"column":93},"end":{"line":229,"column":93}},{"start":{"line":229,"column":93},"end":{"line":229,"column":93}}]},"37":{"line":229,"type":"if","locations":[{"start":{"line":229,"column":105},"end":{"line":229,"column":105}},{"start":{"line":229,"column":105},"end":{"line":229,"column":105}}]},"38":{"line":232,"type":"if","locations":[{"start":{"line":232,"column":8},"end":{"line":232,"column":8}},{"start":{"line":232,"column":8},"end":{"line":232,"column":8}}]},"39":{"line":238,"type":"if","locations":[{"start":{"line":238,"column":12},"end":{"line":238,"column":12}},{"start":{"line":238,"column":12},"end":{"line":238,"column":12}}]},"40":{"line":243,"type":"if","locations":[{"start":{"line":243,"column":67},"end":{"line":243,"column":67}},{"start":{"line":243,"column":67},"end":{"line":243,"column":67}}]},"41":{"line":243,"type":"if","locations":[{"start":{"line":243,"column":80},"end":{"line":243,"column":80}},{"start":{"line":243,"column":80},"end":{"line":243,"column":80}}]},"42":{"line":243,"type":"if","locations":[{"start":{"line":243,"column":92},"end":{"line":243,"column":92}},{"start":{"line":243,"column":92},"end":{"line":243,"column":92}}]},"43":{"line":246,"type":"if","locations":[{"start":{"line":246,"column":8},"end":{"line":246,"column":8}},{"start":{"line":246,"column":8},"end":{"line":246,"column":8}}]},"44":{"line":251,"type":"if","locations":[{"start":{"line":251,"column":12},"end":{"line":251,"column":12}},{"start":{"line":251,"column":12},"end":{"line":251,"column":12}}]},"45":{"line":257,"type":"if","locations":[{"start":{"line":257,"column":57},"end":{"line":257,"column":57}},{"start":{"line":257,"column":57},"end":{"line":257,"column":57}}]},"46":{"line":257,"type":"if","locations":[{"start":{"line":257,"column":70},"end":{"line":257,"column":70}},{"start":{"line":257,"column":70},"end":{"line":257,"column":70}}]},"47":{"line":257,"type":"if","locations":[{"start":{"line":257,"column":91},"end":{"line":257,"column":91}},{"start":{"line":257,"column":91},"end":{"line":257,"column":91}}]},"48":{"line":257,"type":"if","locations":[{"start":{"line":257,"column":115},"end":{"line":257,"column":115}},{"start":{"line":257,"column":115},"end":{"line":257,"column":115}}]},"49":{"line":269,"type":"if","locations":[{"start":{"line":269,"column":8},"end":{"line":269,"column":8}},{"start":{"line":269,"column":8},"end":{"line":269,"column":8}}]}}}}