{
  "contracts/AIEscrowMarketplace.sol": {
    "l": {
      "58": 3,
      "59": 2,
      "63": 6,
      "64": 6,
      "65": 6,
      "69": 4,
      "70": 4,
      "71": 4,
      "75": 12,
      "76": 12,
      "84": 1,
      "85": 1,
      "86": 1,
      "90": 1,
      "91": 1,
      "92": 1,
      "100": 7,
      "101": 7,
      "102": 7,
      "104": 7,
      "105": 7,
      "114": 7,
      "115": 7,
      "119": 6,
      "120": 6,
      "122": 5,
      "123": 5,
      "127": 4,
      "129": 4,
      "130": 4,
      "131": 4,
      "132": 4,
      "136": 2,
      "137": 2,
      "138": 2,
      "140": 2,
      "141": 1,
      "145": 1,
      "154": 1,
      "156": 1,
      "158": 1,
      "159": 1,
      "160": 1,
      "162": 1
    },
    "path": "/Users/user/Kerjaan/Hackathon/verifi-app/contracts/contracts/AIEscrowMarketplace.sol",
    "s": {
      "1": 3,
      "2": 6,
      "3": 6,
      "4": 4,
      "5": 4,
      "6": 12,
      "7": 1,
      "8": 1,
      "9": 1,
      "10": 1,
      "11": 7,
      "12": 7,
      "13": 7,
      "14": 7,
      "15": 7,
      "16": 6,
      "17": 6,
      "18": 5,
      "19": 4,
      "20": 4,
      "21": 4,
      "22": 2,
      "23": 2,
      "24": 2,
      "25": 1,
      "26": 1,
      "27": 1,
      "28": 1,
      "29": 1,
      "30": 1
    },
    "b": {
      "1": [2, 1],
      "2": [6, 0],
      "3": [6, 0],
      "4": [4, 0],
      "5": [4, 0],
      "6": [12, 0],
      "7": [1, 0],
      "8": [1, 1],
      "9": [1, 0],
      "10": [7, 0],
      "11": [7, 0],
      "12": [7, 0],
      "13": [6, 0],
      "14": [6, 0],
      "15": [6, 0],
      "16": [5, 1],
      "17": [4, 0],
      "18": [4, 0],
      "19": [4, 0],
      "20": [3, 0],
      "21": [2, 1],
      "22": [2, 0],
      "23": [1, 1],
      "24": [1, 0],
      "25": [1, 0]
    },
    "f": { "1": 3, "2": 6, "3": 4, "4": 12, "5": 1, "6": 1, "7": 7, "8": 6, "9": 4, "10": 2, "11": 1 },
    "fnMap": {
      "1": {
        "name": "onlyAiAgent",
        "line": 57,
        "loc": { "start": { "line": 57, "column": 4 }, "end": { "line": 60, "column": 4 } }
      },
      "2": {
        "name": "onlyJobClient",
        "line": 62,
        "loc": { "start": { "line": 62, "column": 4 }, "end": { "line": 66, "column": 4 } }
      },
      "3": {
        "name": "onlyJobFreelancer",
        "line": 68,
        "loc": { "start": { "line": 68, "column": 4 }, "end": { "line": 72, "column": 4 } }
      },
      "4": {
        "name": "atJobStatus",
        "line": 74,
        "loc": { "start": { "line": 74, "column": 4 }, "end": { "line": 77, "column": 4 } }
      },
      "5": {
        "name": "constructor",
        "line": 83,
        "loc": { "start": { "line": 83, "column": 4 }, "end": { "line": 87, "column": 4 } }
      },
      "6": {
        "name": "setAiAgentAddress",
        "line": 89,
        "loc": { "start": { "line": 89, "column": 4 }, "end": { "line": 93, "column": 4 } }
      },
      "7": {
        "name": "createJob",
        "line": 99,
        "loc": { "start": { "line": 99, "column": 4 }, "end": { "line": 116, "column": 4 } }
      },
      "8": {
        "name": "depositFunds",
        "line": 118,
        "loc": { "start": { "line": 118, "column": 4 }, "end": { "line": 124, "column": 4 } }
      },
      "9": {
        "name": "submitWork",
        "line": 126,
        "loc": { "start": { "line": 126, "column": 4 }, "end": { "line": 133, "column": 4 } }
      },
      "10": {
        "name": "verifyWork",
        "line": 135,
        "loc": { "start": { "line": 135, "column": 4 }, "end": { "line": 147, "column": 4 } }
      },
      "11": {
        "name": "_releaseFunds",
        "line": 153,
        "loc": { "start": { "line": 153, "column": 4 }, "end": { "line": 163, "column": 4 } }
      }
    },
    "statementMap": {
      "1": { "start": { "line": 58, "column": 8 }, "end": { "line": 58, "column": 84 } },
      "2": { "start": { "line": 63, "column": 8 }, "end": { "line": 63, "column": 81 } },
      "3": { "start": { "line": 64, "column": 8 }, "end": { "line": 64, "column": 91 } },
      "4": { "start": { "line": 69, "column": 8 }, "end": { "line": 69, "column": 85 } },
      "5": { "start": { "line": 70, "column": 8 }, "end": { "line": 70, "column": 99 } },
      "6": { "start": { "line": 75, "column": 8 }, "end": { "line": 75, "column": 93 } },
      "7": { "start": { "line": 84, "column": 8 }, "end": { "line": 84, "column": 117 } },
      "8": { "start": { "line": 86, "column": 8 }, "end": { "line": 86, "column": 58 } },
      "9": { "start": { "line": 90, "column": 8 }, "end": { "line": 90, "column": 109 } },
      "10": { "start": { "line": 92, "column": 8 }, "end": { "line": 92, "column": 54 } },
      "11": { "start": { "line": 100, "column": 8 }, "end": { "line": 100, "column": 81 } },
      "12": { "start": { "line": 101, "column": 8 }, "end": { "line": 101, "column": 73 } },
      "13": { "start": { "line": 102, "column": 8 }, "end": { "line": 102, "column": 114 } },
      "14": { "start": { "line": 104, "column": 8 }, "end": { "line": 104, "column": 33 } },
      "15": { "start": { "line": 115, "column": 8 }, "end": { "line": 115, "column": 64 } },
      "16": { "start": { "line": 119, "column": 8 }, "end": { "line": 119, "column": 38 } },
      "17": { "start": { "line": 120, "column": 8 }, "end": { "line": 120, "column": 77 } },
      "18": { "start": { "line": 123, "column": 8 }, "end": { "line": 123, "column": 46 } },
      "19": { "start": { "line": 127, "column": 8 }, "end": { "line": 127, "column": 95 } },
      "20": { "start": { "line": 129, "column": 8 }, "end": { "line": 129, "column": 38 } },
      "21": { "start": { "line": 132, "column": 8 }, "end": { "line": 132, "column": 67 } },
      "22": { "start": { "line": 136, "column": 8 }, "end": { "line": 136, "column": 38 } },
      "23": { "start": { "line": 138, "column": 8 }, "end": { "line": 138, "column": 46 } },
      "24": { "start": { "line": 140, "column": 8 }, "end": { "line": 140, "column": 5598 } },
      "25": { "start": { "line": 141, "column": 12 }, "end": { "line": 141, "column": 32 } },
      "26": { "start": { "line": 154, "column": 8 }, "end": { "line": 154, "column": 38 } },
      "27": { "start": { "line": 156, "column": 8 }, "end": { "line": 156, "column": 102 } },
      "28": { "start": { "line": 159, "column": 8 }, "end": { "line": 159, "column": 69 } },
      "29": { "start": { "line": 160, "column": 8 }, "end": { "line": 160, "column": 74 } },
      "30": { "start": { "line": 162, "column": 8 }, "end": { "line": 162, "column": 62 } }
    },
    "branchMap": {
      "1": {
        "line": 58,
        "type": "if",
        "locations": [
          { "start": { "line": 58, "column": 8 }, "end": { "line": 58, "column": 8 } },
          { "start": { "line": 58, "column": 8 }, "end": { "line": 58, "column": 8 } }
        ]
      },
      "2": {
        "line": 63,
        "type": "if",
        "locations": [
          { "start": { "line": 63, "column": 8 }, "end": { "line": 63, "column": 8 } },
          { "start": { "line": 63, "column": 8 }, "end": { "line": 63, "column": 8 } }
        ]
      },
      "3": {
        "line": 64,
        "type": "if",
        "locations": [
          { "start": { "line": 64, "column": 8 }, "end": { "line": 64, "column": 8 } },
          { "start": { "line": 64, "column": 8 }, "end": { "line": 64, "column": 8 } }
        ]
      },
      "4": {
        "line": 69,
        "type": "if",
        "locations": [
          { "start": { "line": 69, "column": 8 }, "end": { "line": 69, "column": 8 } },
          { "start": { "line": 69, "column": 8 }, "end": { "line": 69, "column": 8 } }
        ]
      },
      "5": {
        "line": 70,
        "type": "if",
        "locations": [
          { "start": { "line": 70, "column": 8 }, "end": { "line": 70, "column": 8 } },
          { "start": { "line": 70, "column": 8 }, "end": { "line": 70, "column": 8 } }
        ]
      },
      "6": {
        "line": 75,
        "type": "if",
        "locations": [
          { "start": { "line": 75, "column": 8 }, "end": { "line": 75, "column": 8 } },
          { "start": { "line": 75, "column": 8 }, "end": { "line": 75, "column": 8 } }
        ]
      },
      "7": {
        "line": 84,
        "type": "if",
        "locations": [
          { "start": { "line": 84, "column": 8 }, "end": { "line": 84, "column": 8 } },
          { "start": { "line": 84, "column": 8 }, "end": { "line": 84, "column": 8 } }
        ]
      },
      "8": {
        "line": 89,
        "type": "if",
        "locations": [
          { "start": { "line": 89, "column": 68 }, "end": { "line": 89, "column": 68 } },
          { "start": { "line": 89, "column": 68 }, "end": { "line": 89, "column": 68 } }
        ]
      },
      "9": {
        "line": 90,
        "type": "if",
        "locations": [
          { "start": { "line": 90, "column": 8 }, "end": { "line": 90, "column": 8 } },
          { "start": { "line": 90, "column": 8 }, "end": { "line": 90, "column": 8 } }
        ]
      },
      "10": {
        "line": 100,
        "type": "if",
        "locations": [
          { "start": { "line": 100, "column": 8 }, "end": { "line": 100, "column": 8 } },
          { "start": { "line": 100, "column": 8 }, "end": { "line": 100, "column": 8 } }
        ]
      },
      "11": {
        "line": 101,
        "type": "if",
        "locations": [
          { "start": { "line": 101, "column": 8 }, "end": { "line": 101, "column": 8 } },
          { "start": { "line": 101, "column": 8 }, "end": { "line": 101, "column": 8 } }
        ]
      },
      "12": {
        "line": 102,
        "type": "if",
        "locations": [
          { "start": { "line": 102, "column": 8 }, "end": { "line": 102, "column": 8 } },
          { "start": { "line": 102, "column": 8 }, "end": { "line": 102, "column": 8 } }
        ]
      },
      "13": {
        "line": 118,
        "type": "if",
        "locations": [
          { "start": { "line": 118, "column": 59 }, "end": { "line": 118, "column": 59 } },
          { "start": { "line": 118, "column": 59 }, "end": { "line": 118, "column": 59 } }
        ]
      },
      "14": {
        "line": 118,
        "type": "if",
        "locations": [
          { "start": { "line": 118, "column": 72 }, "end": { "line": 118, "column": 72 } },
          { "start": { "line": 118, "column": 72 }, "end": { "line": 118, "column": 72 } }
        ]
      },
      "15": {
        "line": 118,
        "type": "if",
        "locations": [
          { "start": { "line": 118, "column": 94 }, "end": { "line": 118, "column": 94 } },
          { "start": { "line": 118, "column": 94 }, "end": { "line": 118, "column": 94 } }
        ]
      },
      "16": {
        "line": 120,
        "type": "if",
        "locations": [
          { "start": { "line": 120, "column": 8 }, "end": { "line": 120, "column": 8 } },
          { "start": { "line": 120, "column": 8 }, "end": { "line": 120, "column": 8 } }
        ]
      },
      "17": {
        "line": 126,
        "type": "if",
        "locations": [
          { "start": { "line": 126, "column": 80 }, "end": { "line": 126, "column": 80 } },
          { "start": { "line": 126, "column": 80 }, "end": { "line": 126, "column": 80 } }
        ]
      },
      "18": {
        "line": 126,
        "type": "if",
        "locations": [
          { "start": { "line": 126, "column": 106 }, "end": { "line": 126, "column": 106 } },
          { "start": { "line": 126, "column": 106 }, "end": { "line": 126, "column": 106 } }
        ]
      },
      "19": {
        "line": 127,
        "type": "if",
        "locations": [
          { "start": { "line": 127, "column": 8 }, "end": { "line": 127, "column": 8 } },
          { "start": { "line": 127, "column": 8 }, "end": { "line": 127, "column": 8 } }
        ]
      },
      "20": {
        "line": 135,
        "type": "if",
        "locations": [
          { "start": { "line": 135, "column": 67 }, "end": { "line": 135, "column": 67 } },
          { "start": { "line": 135, "column": 67 }, "end": { "line": 135, "column": 67 } }
        ]
      },
      "21": {
        "line": 135,
        "type": "if",
        "locations": [
          { "start": { "line": 135, "column": 80 }, "end": { "line": 135, "column": 80 } },
          { "start": { "line": 135, "column": 80 }, "end": { "line": 135, "column": 80 } }
        ]
      },
      "22": {
        "line": 135,
        "type": "if",
        "locations": [
          { "start": { "line": 135, "column": 92 }, "end": { "line": 135, "column": 92 } },
          { "start": { "line": 135, "column": 92 }, "end": { "line": 135, "column": 92 } }
        ]
      },
      "23": {
        "line": 140,
        "type": "if",
        "locations": [
          { "start": { "line": 140, "column": 8 }, "end": { "line": 140, "column": 8 } },
          { "start": { "line": 140, "column": 8 }, "end": { "line": 140, "column": 8 } }
        ]
      },
      "24": {
        "line": 156,
        "type": "if",
        "locations": [
          { "start": { "line": 156, "column": 8 }, "end": { "line": 156, "column": 8 } },
          { "start": { "line": 156, "column": 8 }, "end": { "line": 156, "column": 8 } }
        ]
      },
      "25": {
        "line": 160,
        "type": "if",
        "locations": [
          { "start": { "line": 160, "column": 8 }, "end": { "line": 160, "column": 8 } },
          { "start": { "line": 160, "column": 8 }, "end": { "line": 160, "column": 8 } }
        ]
      }
    }
  }
}
